# JRE version: OpenJDK Runtime Environment (17.0.11) (build 17.0.11+0--11852314)
# Java VM: OpenJDK 64-Bit Server VM (17.0.11+0--11852314, mixed mode, tiered, compressed oops, compressed class ptrs, g1 gc, windows-amd64)
GC Precious Log:
 CPUs: 16 total, 16 available
 Memory: 16008M
 Large Page Support: Disabled
 NUMA Support: Disabled
 Compressed Oops: Enabled (32-bit)
 Heap Region Size: 1M
 Heap Min Capacity: 8M
 Heap Initial Capacity: 252M
 Heap Max Capacity: 2G
 Pre-touch: Disabled
 Parallel Workers: 13
 Concurrent Workers: 3
 Concurrent Refinement Workers: 13
 Periodic GC: Disabled
Heap:
 garbage-first heap   total 480256K, used 132456K [0x0000000080000000, 0x0000000100000000)
  region size 1024K, 17 young (17408K), 17 survivors (17408K)
 Metaspace       used 143523K, committed 145024K, reserved 1179648K
  class space    used 19284K, committed 20032K, reserved 1048576K
GC Heap History (20 events):
Event: 1676.848 GC heap after
{Heap after GC invocations=69 (full 0):
 garbage-first heap   total 480256K, used 125825K [0x0000000080000000, 0x0000000100000000)
  region size 1024K, 2 young (2048K), 2 survivors (2048K)
 Metaspace       used 140573K, committed 141696K, reserved 1179648K
  class space    used 19085K, committed 19648K, reserved 1048576K
}
Event: 1678.661 GC heap before
{Heap before GC invocations=69 (full 0):
 garbage-first heap   total 480256K, used 182145K [0x0000000080000000, 0x0000000100000000)
  region size 1024K, 59 young (60416K), 2 survivors (2048K)
 Metaspace       used 140737K, committed 141824K, reserved 1179648K
  class space    used 19093K, committed 19648K, reserved 1048576K
}
Event: 1678.678 GC heap after
{Heap after GC invocations=70 (full 0):
 garbage-first heap   total 480256K, used 130660K [0x0000000080000000, 0x0000000100000000)
  region size 1024K, 7 young (7168K), 7 survivors (7168K)
 Metaspace       used 140737K, committed 141824K, reserved 1179648K
  class space    used 19093K, committed 19648K, reserved 1048576K
}
Event: 1681.699 GC heap before
{Heap before GC invocations=71 (full 0):
 garbage-first heap   total 480256K, used 353892K [0x0000000080000000, 0x0000000100000000)
  region size 1024K, 223 young (228352K), 7 survivors (7168K)
 Metaspace       used 145826K, committed 146944K, reserved 1179648K
  class space    used 19545K, committed 20096K, reserved 1048576K
}
Event: 1681.804 GC heap after
{Heap after GC invocations=72 (full 0):
 garbage-first heap   total 480256K, used 224250K [0x0000000080000000, 0x0000000100000000)
  region size 1024K, 28 young (28672K), 28 survivors (28672K)
 Metaspace       used 145826K, committed 146944K, reserved 1179648K
  class space    used 19545K, committed 20096K, reserved 1048576K
}
Event: 1681.807 GC heap before
{Heap before GC invocations=72 (full 0):
 garbage-first heap   total 480256K, used 225274K [0x0000000080000000, 0x0000000100000000)
  region size 1024K, 29 young (29696K), 28 survivors (28672K)
 Metaspace       used 145826K, committed 146944K, reserved 1179648K
  class space    used 19545K, committed 20096K, reserved 1048576K
}
Event: 1681.824 GC heap after
{Heap after GC invocations=73 (full 0):
 garbage-first heap   total 480256K, used 223686K [0x0000000080000000, 0x0000000100000000)
  region size 1024K, 3 young (3072K), 3 survivors (3072K)
 Metaspace       used 145826K, committed 146944K, reserved 1179648K
  class space    used 19545K, committed 20096K, reserved 1048576K
}
Event: 1683.016 GC heap before
{Heap before GC invocations=73 (full 0):
 garbage-first heap   total 480256K, used 319942K [0x0000000080000000, 0x0000000100000000)
  region size 1024K, 97 young (99328K), 3 survivors (3072K)
 Metaspace       used 146261K, committed 147392K, reserved 1179648K
  class space    used 19553K, committed 20096K, reserved 1048576K
}
Event: 1683.027 GC heap after
{Heap after GC invocations=74 (full 0):
 garbage-first heap   total 480256K, used 251904K [0x0000000080000000, 0x0000000100000000)
  region size 1024K, 13 young (13312K), 13 survivors (13312K)
 Metaspace       used 146261K, committed 147392K, reserved 1179648K
  class space    used 19553K, committed 20096K, reserved 1048576K
}
Event: 1885.586 GC heap before
{Heap before GC invocations=75 (full 0):
 garbage-first heap   total 480256K, used 334848K [0x0000000080000000, 0x0000000100000000)
  region size 1024K, 97 young (99328K), 13 survivors (13312K)
 Metaspace       used 147216K, committed 148288K, reserved 1179648K
  class space    used 19566K, committed 20096K, reserved 1048576K
}
Event: 1885.658 GC heap after
{Heap after GC invocations=76 (full 0):
 garbage-first heap   total 480256K, used 204429K [0x0000000080000000, 0x0000000100000000)
  region size 1024K, 5 young (5120K), 5 survivors (5120K)
 Metaspace       used 147216K, committed 148288K, reserved 1179648K
  class space    used 19566K, committed 20096K, reserved 1048576K
}
Event: 1887.074 GC heap before
{Heap before GC invocations=76 (full 0):
 garbage-first heap   total 480256K, used 221837K [0x0000000080000000, 0x0000000100000000)
  region size 1024K, 23 young (23552K), 5 survivors (5120K)
 Metaspace       used 147277K, committed 148352K, reserved 1179648K
  class space    used 19566K, committed 20096K, reserved 1048576K
}
Event: 1887.177 GC heap after
{Heap after GC invocations=77 (full 0):
 garbage-first heap   total 480256K, used 194720K [0x0000000080000000, 0x0000000100000000)
  region size 1024K, 3 young (3072K), 3 survivors (3072K)
 Metaspace       used 147277K, committed 148352K, reserved 1179648K
  class space    used 19566K, committed 20096K, reserved 1048576K
}
Event: 1897.009 GC heap before
{Heap before GC invocations=77 (full 0):
 garbage-first heap   total 480256K, used 317600K [0x0000000080000000, 0x0000000100000000)
  region size 1024K, 124 young (126976K), 3 survivors (3072K)
 Metaspace       used 148088K, committed 149440K, reserved 1179648K
  class space    used 19714K, committed 20352K, reserved 1048576K
}
Event: 1897.026 GC heap after
{Heap after GC invocations=78 (full 0):
 garbage-first heap   total 480256K, used 206625K [0x0000000080000000, 0x0000000100000000)
  region size 1024K, 15 young (15360K), 15 survivors (15360K)
 Metaspace       used 148088K, committed 149440K, reserved 1179648K
  class space    used 19714K, committed 20352K, reserved 1048576K
}
Event: 2127.301 GC heap before
{Heap before GC invocations=79 (full 0):
 garbage-first heap   total 480256K, used 291617K [0x0000000080000000, 0x0000000100000000)
  region size 1024K, 139 young (142336K), 15 survivors (15360K)
 Metaspace       used 143295K, committed 144832K, reserved 1179648K
  class space    used 19280K, committed 20032K, reserved 1048576K
}
Event: 2127.346 GC heap after
{Heap after GC invocations=80 (full 0):
 garbage-first heap   total 480256K, used 161013K [0x0000000080000000, 0x0000000100000000)
  region size 1024K, 5 young (5120K), 5 survivors (5120K)
 Metaspace       used 143295K, committed 144832K, reserved 1179648K
  class space    used 19280K, committed 20032K, reserved 1048576K
}
Event: 2127.671 GC heap before
{Heap before GC invocations=80 (full 0):
 garbage-first heap   total 480256K, used 179445K [0x0000000080000000, 0x0000000100000000)
  region size 1024K, 23 young (23552K), 5 survivors (5120K)
 Metaspace       used 143347K, committed 144832K, reserved 1179648K
  class space    used 19280K, committed 20032K, reserved 1048576K
}
Event: 2127.688 GC heap after
{Heap after GC invocations=81 (full 0):
 garbage-first heap   total 480256K, used 119044K [0x0000000080000000, 0x0000000100000000)
  region size 1024K, 3 young (3072K), 3 survivors (3072K)
 Metaspace       used 143347K, committed 144832K, reserved 1179648K
  class space    used 19280K, committed 20032K, reserved 1048576K
}
Event: 2281.880 GC heap before
{Heap before GC invocations=81 (full 0):
 garbage-first heap   total 480256K, used 249092K [0x0000000080000000, 0x0000000100000000)
  region size 1024K, 132 young (135168K), 3 survivors (3072K)
 Metaspace       used 143523K, committed 145024K, reserved 1179648K
  class space    used 19284K, committed 20032K, reserved 1048576K
}

