# JRE version: OpenJDK Runtime Environment (17.0.11) (build 17.0.11+0--11852314)
# Java VM: OpenJDK 64-Bit Server VM (17.0.11+0--11852314, mixed mode, tiered, compressed oops, compressed class ptrs, g1 gc, windows-amd64)
GC Precious Log:
 CPUs: 16 total, 16 available
 Memory: 16008M
 Large Page Support: Disabled
 NUMA Support: Disabled
 Compressed Oops: Enabled (32-bit)
 Heap Region Size: 1M
 Heap Min Capacity: 8M
 Heap Initial Capacity: 252M
 Heap Max Capacity: 2G
 Pre-touch: Disabled
 Parallel Workers: 13
 Concurrent Workers: 3
 Concurrent Refinement Workers: 13
 Periodic GC: Disabled
Heap:
 garbage-first heap   total 434176K, used 195924K [0x0000000080000000, 0x0000000100000000)
  region size 1024K, 40 young (40960K), 8 survivors (8192K)
 Metaspace       used 112421K, committed 113408K, reserved 1179648K
  class space    used 15123K, committed 15616K, reserved 1048576K
GC Heap History (20 events):
Event: 11.453 GC heap before
{Heap before GC invocations=39 (full 0):
 garbage-first heap   total 217088K, used 135313K [0x0000000080000000, 0x0000000100000000)
  region size 1024K, 10 young (10240K), 4 survivors (4096K)
 Metaspace       used 99091K, committed 99968K, reserved 1179648K
  class space    used 13538K, committed 13952K, reserved 1048576K
}
Event: 11.456 GC heap after
{Heap after GC invocations=40 (full 0):
 garbage-first heap   total 217088K, used 128936K [0x0000000080000000, 0x0000000100000000)
  region size 1024K, 1 young (1024K), 1 survivors (1024K)
 Metaspace       used 99091K, committed 99968K, reserved 1179648K
  class space    used 13538K, committed 13952K, reserved 1048576K
}
Event: 11.875 GC heap before
{Heap before GC invocations=40 (full 0):
 garbage-first heap   total 217088K, used 179112K [0x0000000080000000, 0x0000000100000000)
  region size 1024K, 50 young (51200K), 1 survivors (1024K)
 Metaspace       used 103836K, committed 104704K, reserved 1179648K
  class space    used 14217K, committed 14656K, reserved 1048576K
}
Event: 11.880 GC heap after
{Heap after GC invocations=41 (full 0):
 garbage-first heap   total 434176K, used 130702K [0x0000000080000000, 0x0000000100000000)
  region size 1024K, 3 young (3072K), 3 survivors (3072K)
 Metaspace       used 103836K, committed 104704K, reserved 1179648K
  class space    used 14217K, committed 14656K, reserved 1048576K
}
Event: 14.080 GC heap before
{Heap before GC invocations=42 (full 0):
 garbage-first heap   total 434176K, used 346766K [0x0000000080000000, 0x0000000100000000)
  region size 1024K, 210 young (215040K), 3 survivors (3072K)
 Metaspace       used 110542K, committed 111424K, reserved 1179648K
  class space    used 14885K, committed 15296K, reserved 1048576K
}
Event: 14.086 GC heap after
{Heap after GC invocations=43 (full 0):
 garbage-first heap   total 434176K, used 141948K [0x0000000080000000, 0x0000000100000000)
  region size 1024K, 14 young (14336K), 14 survivors (14336K)
 Metaspace       used 110542K, committed 111424K, reserved 1179648K
  class space    used 14885K, committed 15296K, reserved 1048576K
}
Event: 14.145 GC heap before
{Heap before GC invocations=43 (full 0):
 garbage-first heap   total 434176K, used 148092K [0x0000000080000000, 0x0000000100000000)
  region size 1024K, 21 young (21504K), 14 survivors (14336K)
 Metaspace       used 110542K, committed 111424K, reserved 1179648K
  class space    used 14885K, committed 15296K, reserved 1048576K
}
Event: 14.150 GC heap after
{Heap after GC invocations=44 (full 0):
 garbage-first heap   total 434176K, used 142553K [0x0000000080000000, 0x0000000100000000)
  region size 1024K, 3 young (3072K), 3 survivors (3072K)
 Metaspace       used 110542K, committed 111424K, reserved 1179648K
  class space    used 14885K, committed 15296K, reserved 1048576K
}
Event: 15.239 GC heap before
{Heap before GC invocations=44 (full 0):
 garbage-first heap   total 434176K, used 345305K [0x0000000080000000, 0x0000000100000000)
  region size 1024K, 201 young (205824K), 3 survivors (3072K)
 Metaspace       used 110543K, committed 111424K, reserved 1179648K
  class space    used 14885K, committed 15296K, reserved 1048576K
}
Event: 15.243 GC heap after
{Heap after GC invocations=45 (full 0):
 garbage-first heap   total 434176K, used 147411K [0x0000000080000000, 0x0000000100000000)
  region size 1024K, 8 young (8192K), 8 survivors (8192K)
 Metaspace       used 110543K, committed 111424K, reserved 1179648K
  class space    used 14885K, committed 15296K, reserved 1048576K
}
Event: 17.046 GC heap before
{Heap before GC invocations=45 (full 0):
 garbage-first heap   total 434176K, used 352211K [0x0000000080000000, 0x0000000100000000)
  region size 1024K, 208 young (212992K), 8 survivors (8192K)
 Metaspace       used 110555K, committed 111424K, reserved 1179648K
  class space    used 14885K, committed 15296K, reserved 1048576K
}
Event: 17.051 GC heap after
{Heap after GC invocations=46 (full 0):
 garbage-first heap   total 434176K, used 152995K [0x0000000080000000, 0x0000000100000000)
  region size 1024K, 14 young (14336K), 14 survivors (14336K)
 Metaspace       used 110555K, committed 111424K, reserved 1179648K
  class space    used 14885K, committed 15296K, reserved 1048576K
}
Event: 20.355 GC heap before
{Heap before GC invocations=46 (full 0):
 garbage-first heap   total 434176K, used 356771K [0x0000000080000000, 0x0000000100000000)
  region size 1024K, 213 young (218112K), 14 survivors (14336K)
 Metaspace       used 110555K, committed 111424K, reserved 1179648K
  class space    used 14885K, committed 15296K, reserved 1048576K
}
Event: 20.363 GC heap after
{Heap after GC invocations=47 (full 0):
 garbage-first heap   total 434176K, used 157060K [0x0000000080000000, 0x0000000100000000)
  region size 1024K, 18 young (18432K), 18 survivors (18432K)
 Metaspace       used 110555K, committed 111424K, reserved 1179648K
  class space    used 14885K, committed 15296K, reserved 1048576K
}
Event: 23.518 GC heap before
{Heap before GC invocations=48 (full 0):
 garbage-first heap   total 434176K, used 359812K [0x0000000080000000, 0x0000000100000000)
  region size 1024K, 216 young (221184K), 18 survivors (18432K)
 Metaspace       used 110555K, committed 111424K, reserved 1179648K
  class space    used 14885K, committed 15296K, reserved 1048576K
}
Event: 23.526 GC heap after
{Heap after GC invocations=49 (full 0):
 garbage-first heap   total 434176K, used 160657K [0x0000000080000000, 0x0000000100000000)
  region size 1024K, 16 young (16384K), 16 survivors (16384K)
 Metaspace       used 110555K, committed 111424K, reserved 1179648K
  class space    used 14885K, committed 15296K, reserved 1048576K
}
Event: 23.611 GC heap before
{Heap before GC invocations=49 (full 0):
 garbage-first heap   total 434176K, used 165777K [0x0000000080000000, 0x0000000100000000)
  region size 1024K, 21 young (21504K), 16 survivors (16384K)
 Metaspace       used 110555K, committed 111424K, reserved 1179648K
  class space    used 14885K, committed 15296K, reserved 1048576K
}
Event: 23.616 GC heap after
{Heap after GC invocations=50 (full 0):
 garbage-first heap   total 434176K, used 159849K [0x0000000080000000, 0x0000000100000000)
  region size 1024K, 3 young (3072K), 3 survivors (3072K)
 Metaspace       used 110555K, committed 111424K, reserved 1179648K
  class space    used 14885K, committed 15296K, reserved 1048576K
}
Event: 164.355 GC heap before
{Heap before GC invocations=50 (full 0):
 garbage-first heap   total 434176K, used 360553K [0x0000000080000000, 0x0000000100000000)
  region size 1024K, 200 young (204800K), 3 survivors (3072K)
 Metaspace       used 111726K, committed 112768K, reserved 1179648K
  class space    used 15043K, committed 15552K, reserved 1048576K
}
Event: 164.372 GC heap after
{Heap after GC invocations=51 (full 0):
 garbage-first heap   total 434176K, used 164180K [0x0000000080000000, 0x0000000100000000)
  region size 1024K, 8 young (8192K), 8 survivors (8192K)
 Metaspace       used 111726K, committed 112768K, reserved 1179648K
  class space    used 15043K, committed 15552K, reserved 1048576K
}

